[2024-08-28 17:39:29] ***** Run The Server *****
[2024-08-28 17:39:29] INFO: The Poll Constructor Called!
[2024-08-28 17:39:29] INFO: The Servers In The Poll Constructor Created!
[2024-08-28 17:39:29] INFO: MIME Loaded.
[2024-08-28 17:39:29] Warning: KeepAlive Is Wrong Or Zero!, And Default Is Set.
[2024-08-28 17:39:29] INFO: MIME Loaded.
[2024-08-28 17:39:29] INFO: MIME Loaded.
[2024-08-28 17:39:29] INFO: MIME Loaded.
[2024-08-28 17:39:29] INFO: The Fds In The Poll Constructor Initiated!
[2024-08-28 17:39:29] INFO: The Poll On The Server List start To set!
[2024-08-28 17:39:40] INFO: Connected Sockets Cleaned!
[2024-08-28 17:39:40] WARNING: EventsNum Is Equal To: 0
[2024-08-28 17:39:42] INFO: Connected Sockets Cleaned!
[2024-08-28 17:39:42] INFO: Connected Sockets Cleaned!
[2024-08-28 17:39:42] INFO: MIME Loaded.
[2024-08-28 17:39:42] INFO: Received GET request for ./www//farshad/
[2024-08-28 17:39:42] INFO: Index File Found: ./www//farshad//index.html
[2024-08-28 17:39:42] INFO: Received GET request for ./www//farshad//index.html
[2024-08-28 17:39:42] INFO: Response Generated for socket fd: 7
[2024-08-28 17:39:42] INFO: Connected Sockets Cleaned!
[2024-08-28 17:39:42] INFO: Response Sent for socket fd: 7
[2024-08-28 17:39:42] INFO: Connected Sockets Cleaned!
[2024-08-28 17:39:42] INFO: Connected Sockets Cleaned!
[2024-08-28 17:39:42] INFO: MIME Loaded.
[2024-08-28 17:39:42] INFO: Received GET request for ./www//farshad/style.css
[2024-08-28 17:39:42] INFO: Received GET request for ./www//farshad/style.css
[2024-08-28 17:39:42] INFO: Response Generated for socket fd: 7
[2024-08-28 17:39:42] INFO: Connected Sockets Cleaned!
[2024-08-28 17:39:42] INFO: Response Sent for socket fd: 7
[2024-08-28 17:39:43] INFO: Connected Sockets Cleaned!
[2024-08-28 17:39:43] INFO: Connected Sockets Cleaned!
[2024-08-28 17:39:43] INFO: MIME Loaded.
[2024-08-28 17:39:43] INFO: Received GET request for ./www//farshad/images/farshad.jpg
[2024-08-28 17:39:43] INFO: Received GET request for ./www//farshad/images/farshad.jpg
[2024-08-28 17:39:43] INFO: Response Generated for socket fd: 7
[2024-08-28 17:39:43] INFO: Connected Sockets Cleaned!
[2024-08-28 17:39:43] INFO: Response Sent for socket fd: 7
[2024-08-28 17:39:51] INFO: Connected Sockets Cleaned!
[2024-08-28 17:39:51] INFO: Connected Sockets Cleaned!
[2024-08-28 17:39:51] INFO: MIME Loaded.
[2024-08-28 17:39:51] INFO: Received GET request for ./www//farshad/form/index.html
[2024-08-28 17:39:51] INFO: Received GET request for ./www//farshad/form/index.html
[2024-08-28 17:39:51] INFO: Response Generated for socket fd: 7
[2024-08-28 17:39:51] INFO: Connected Sockets Cleaned!
[2024-08-28 17:39:51] INFO: Response Sent for socket fd: 7
[2024-08-28 17:39:51] INFO: Connected Sockets Cleaned!
[2024-08-28 17:39:51] INFO: Connected Sockets Cleaned!
[2024-08-28 17:39:51] INFO: MIME Loaded.
[2024-08-28 17:39:51] INFO: Received GET request for ./www//farshad/form/script.js
[2024-08-28 17:39:51] INFO: Received GET request for ./www//farshad/form/script.js
[2024-08-28 17:39:51] INFO: Response Generated for socket fd: 7
[2024-08-28 17:39:51] INFO: Connected Sockets Cleaned!
[2024-08-28 17:39:51] INFO: Response Sent for socket fd: 7
[2024-08-28 17:39:51] INFO: Connected Sockets Cleaned!
[2024-08-28 17:39:51] INFO: Connected Sockets Cleaned!
[2024-08-28 17:39:51] INFO: Connected Sockets Cleaned!
[2024-08-28 17:39:51] INFO: MIME Loaded.
[2024-08-28 17:39:51] INFO: Received GET request for ./www//farshad/form/script.js
[2024-08-28 17:39:51] INFO: Received GET request for ./www//farshad/form/script.js
[2024-08-28 17:39:51] INFO: Response Generated for socket fd: 8
[2024-08-28 17:39:51] INFO: Connected Sockets Cleaned!
[2024-08-28 17:39:51] INFO: Response Sent for socket fd: 8
[2024-08-28 17:39:52] INFO: Connected Sockets Cleaned!
[2024-08-28 17:40:02] INFO: Connected Sockets Cleaned!
[2024-08-28 17:40:02] WARNING: EventsNum Is Equal To: 0
[2024-08-28 17:40:12] INFO: Connected Sockets Cleaned!
[2024-08-28 17:40:12] WARNING: EventsNum Is Equal To: 0
[2024-08-28 17:40:22] INFO: Connected Sockets Cleaned!
[2024-08-28 17:40:22] WARNING: EventsNum Is Equal To: 0
[2024-08-28 17:40:32] INFO: Connected Sockets Cleaned!
[2024-08-28 17:40:32] WARNING: EventsNum Is Equal To: 0
[2024-08-28 17:40:42] INFO: Connected Sockets Cleaned!
[2024-08-28 17:40:42] WARNING: EventsNum Is Equal To: 0
[2024-08-28 17:40:52] INFO: Connected Sockets Cleaned!
[2024-08-28 17:40:52] WARNING: EventsNum Is Equal To: 0
[2024-08-28 17:41:02] INFO: Connected Sockets Cleaned!
[2024-08-28 17:41:02] WARNING: EventsNum Is Equal To: 0
[2024-08-28 17:41:12] INFO: Connected Sockets Cleaned!
[2024-08-28 17:41:12] WARNING: EventsNum Is Equal To: 0
[2024-08-28 17:41:22] INFO: Connected Sockets Cleaned!
[2024-08-28 17:41:22] WARNING: EventsNum Is Equal To: 0
[2024-08-28 17:41:32] INFO: Connected Sockets Cleaned!
[2024-08-28 17:41:32] WARNING: EventsNum Is Equal To: 0
[2024-08-28 17:41:42] INFO: Connected Sockets Cleaned!
[2024-08-28 17:41:42] WARNING: EventsNum Is Equal To: 0
[2024-08-28 17:41:52] INFO: Connected Sockets Cleaned!
[2024-08-28 17:41:52] WARNING: EventsNum Is Equal To: 0
[2024-08-28 17:42:02] INFO: Connected Sockets Cleaned!
[2024-08-28 17:42:02] WARNING: EventsNum Is Equal To: 0
[2024-08-28 17:42:12] INFO: Connected Sockets Cleaned!
[2024-08-28 17:42:12] WARNING: EventsNum Is Equal To: 0
[2024-08-28 17:42:22] INFO: Connected Sockets Cleaned!
[2024-08-28 17:42:22] WARNING: EventsNum Is Equal To: 0
[2024-08-28 17:42:32] INFO: Connected Sockets Cleaned!
[2024-08-28 17:42:32] WARNING: EventsNum Is Equal To: 0
[2024-08-28 17:42:42] INFO: Connected Sockets Cleaned!
[2024-08-28 17:42:42] WARNING: EventsNum Is Equal To: 0
[2024-08-28 17:42:52] INFO: Connected Sockets Cleaned!
[2024-08-28 17:42:52] WARNING: EventsNum Is Equal To: 0
[2024-08-28 17:43:02] INFO: Connected Sockets Cleaned!
[2024-08-28 17:43:02] WARNING: EventsNum Is Equal To: 0
[2024-08-28 17:43:08] INFO: Connected Sockets Cleaned!
[2024-08-28 17:43:08] INFO: Connected Sockets Cleaned!
[2024-08-28 17:43:08] INFO: MIME Loaded.
[2024-08-28 17:43:08] INFO: Received GET request for ./www//farshad/
[2024-08-28 17:43:08] INFO: Index File Found: ./www//farshad//index.html
[2024-08-28 17:43:08] INFO: Received GET request for ./www//farshad//index.html
[2024-08-28 17:43:08] INFO: Response Generated for socket fd: 7
[2024-08-28 17:43:08] INFO: Connected Sockets Cleaned!
[2024-08-28 17:43:08] INFO: Response Sent for socket fd: 7
[2024-08-28 17:43:08] INFO: Connected Sockets Cleaned!
[2024-08-28 17:43:08] INFO: MIME Loaded.
[2024-08-28 17:43:08] INFO: Received GET request for ./www//farshad/style.css
[2024-08-28 17:43:08] INFO: Received GET request for ./www//farshad/style.css
[2024-08-28 17:43:08] INFO: Response Generated for socket fd: 8
[2024-08-28 17:43:08] INFO: Connected Sockets Cleaned!
[2024-08-28 17:43:08] INFO: Response Sent for socket fd: 8
[2024-08-28 17:43:08] INFO: Connected Sockets Cleaned!
[2024-08-28 17:43:08] INFO: Connected Sockets Cleaned!
[2024-08-28 17:43:08] INFO: MIME Loaded.
[2024-08-28 17:43:08] INFO: Received GET request for ./www//farshad/images/farshad.jpg
[2024-08-28 17:43:08] INFO: Received GET request for ./www//farshad/images/farshad.jpg
[2024-08-28 17:43:08] INFO: Response Generated for socket fd: 7
[2024-08-28 17:43:08] INFO: Connected Sockets Cleaned!
[2024-08-28 17:43:08] INFO: Response Sent for socket fd: 7
[2024-08-28 17:43:11] INFO: Connected Sockets Cleaned!
[2024-08-28 17:43:11] INFO: Connected Sockets Cleaned!
[2024-08-28 17:43:11] INFO: MIME Loaded.
[2024-08-28 17:43:11] INFO: Received GET request for ./www//navid/
[2024-08-28 17:43:11] INFO: Index File Found: ./www//navid//index.html
[2024-08-28 17:43:11] INFO: Received GET request for ./www//navid//index.html
[2024-08-28 17:43:11] INFO: Response Generated for socket fd: 7
[2024-08-28 17:43:11] INFO: Connected Sockets Cleaned!
[2024-08-28 17:43:11] INFO: Response Sent for socket fd: 7
[2024-08-28 17:43:11] INFO: Connected Sockets Cleaned!
[2024-08-28 17:43:11] INFO: MIME Loaded.
[2024-08-28 17:43:11] INFO: Received GET request for ./www//navid/style.css
[2024-08-28 17:43:11] INFO: Received GET request for ./www//navid/style.css
[2024-08-28 17:43:11] INFO: Response Generated for socket fd: 7
[2024-08-28 17:43:11] INFO: Connected Sockets Cleaned!
[2024-08-28 17:43:11] INFO: Response Sent for socket fd: 7
[2024-08-28 17:43:11] INFO: Connected Sockets Cleaned!
[2024-08-28 17:43:11] INFO: MIME Loaded.
[2024-08-28 17:43:11] INFO: Received GET request for ./www//navid/images/navid.jpg
[2024-08-28 17:43:11] INFO: Received GET request for ./www//navid/images/navid.jpg
[2024-08-28 17:43:11] INFO: Response Generated for socket fd: 8
[2024-08-28 17:43:11] INFO: Connected Sockets Cleaned!
[2024-08-28 17:43:11] INFO: Response Sent for socket fd: 8
[2024-08-28 17:43:11] INFO: Connected Sockets Cleaned!
[2024-08-28 17:43:13] INFO: Connected Sockets Cleaned!
[2024-08-28 17:43:13] INFO: MIME Loaded.
[2024-08-28 17:43:13] INFO: Received GET request for ./www//navid/cgi-bin
[2024-08-28 17:43:13] INFO: Received GET request for ./www//navid/cgi-bin
[2024-08-28 17:43:13] INFO: Response Generated for socket fd: 8
[2024-08-28 17:43:13] INFO: Connected Sockets Cleaned!
[2024-08-28 17:43:13] INFO: Response Sent for socket fd: 8
[2024-08-28 17:43:18] INFO: Connected Sockets Cleaned!
[2024-08-28 17:43:18] INFO: MIME Loaded.
[2024-08-28 17:43:18] INFO: Received GET request for ./www//navid/cgi-bin/form
[2024-08-28 17:43:18] INFO: Index File Found: ./www//navid/cgi-bin/form/index.html
[2024-08-28 17:43:18] INFO: Received GET request for ./www//navid/cgi-bin/form/index.html
[2024-08-28 17:43:18] INFO: Response Generated for socket fd: 8
[2024-08-28 17:43:18] INFO: Connected Sockets Cleaned!
[2024-08-28 17:43:18] INFO: Response Sent for socket fd: 8
[2024-08-28 17:43:28] INFO: Connected Sockets Cleaned!
[2024-08-28 17:43:28] WARNING: EventsNum Is Equal To: 0
[2024-08-28 17:43:38] INFO: Connected Sockets Cleaned!
[2024-08-28 17:43:38] WARNING: EventsNum Is Equal To: 0
[2024-08-28 17:43:48] INFO: Connected Sockets Cleaned!
[2024-08-28 17:43:48] WARNING: EventsNum Is Equal To: 0
[2024-08-28 17:43:58] INFO: Connected Sockets Cleaned!
[2024-08-28 17:43:58] WARNING: EventsNum Is Equal To: 0
[2024-08-28 17:44:08] INFO: Connected Sockets Cleaned!
[2024-08-28 17:44:08] WARNING: EventsNum Is Equal To: 0
[2024-08-28 17:44:18] INFO: Connected Sockets Cleaned!
[2024-08-28 17:44:18] WARNING: EventsNum Is Equal To: 0
[2024-08-28 17:44:26] INFO: Connected Sockets Cleaned!
[2024-08-28 17:44:26] INFO: Connected Sockets Cleaned!
[2024-08-28 17:44:26] INFO: MIME Loaded.
[2024-08-28 17:44:26] INFO: Received GET request for ./www//navid/cgi-bin/form
[2024-08-28 17:44:26] INFO: Index File Found: ./www//navid/cgi-bin/form/index.html
[2024-08-28 17:44:26] INFO: Received GET request for ./www//navid/cgi-bin/form/index.html
[2024-08-28 17:44:26] INFO: Response Generated for socket fd: 7
[2024-08-28 17:44:26] INFO: Connected Sockets Cleaned!
[2024-08-28 17:44:26] INFO: Response Sent for socket fd: 7
[2024-08-28 17:44:26] INFO: Connected Sockets Cleaned!
[2024-08-28 17:44:36] INFO: Connected Sockets Cleaned!
[2024-08-28 17:44:36] WARNING: EventsNum Is Equal To: 0
[2024-08-28 17:44:38] INFO: Connected Sockets Cleaned!
